Flower App configuration warnings in '/home/willtanoe/Documents/fl-xgb-thesis/flwr_app/pyproject.toml':
- Recommended property "license" missing in [project]
🎊 Successfully started run 7119145565132046282
[92mINFO [0m:      Starting logstream for run_id `7119145565132046282`
[92mINFO [0m:      Starting Flower Simulation
Successfully installed fl-xgb-thesis to /home/willtanoe/.flwr/apps/thesis.fl-xgb-thesis.1.0.0.79b3771b.

============================================================
ROUND-ROBIN FL — XGB (10 rounds, +20 trees per round = 200 total)
============================================================
[92mINFO [0m:      Starting Flower ServerApp, config: num_rounds=10, no round_timeout
[92mINFO [0m:      
[92mINFO [0m:      [INIT]
[92mINFO [0m:      Requesting initial parameters from one random client
/home/willtanoe/micromamba/envs/vel/lib/python3.10/site-packages/matplotlib/_fontconfig_pattern.py:64: PyparsingDeprecationWarning: 'oneOf' deprecated - use 'one_of'
  prop = Group((name + Suppress("=") + comma_separated(value)) | oneOf(_CONSTANTS))
/home/willtanoe/micromamba/envs/vel/lib/python3.10/site-packages/matplotlib/_fontconfig_pattern.py:85: PyparsingDeprecationWarning: 'parseString' deprecated - use 'parse_string'
  parse = parser.parseString(pattern)
/home/willtanoe/micromamba/envs/vel/lib/python3.10/site-packages/matplotlib/_fontconfig_pattern.py:89: PyparsingDeprecationWarning: 'resetCache' deprecated - use 'reset_cache'
  parser.resetCache()
/home/willtanoe/micromamba/envs/vel/lib/python3.10/site-packages/opentelemetry/util/_importlib_metadata.py:32: DeprecationWarning: SelectableGroups dict interface is deprecated. Use select.
  return EntryPoints(ep for group_eps in eps.values() for ep in group_eps)
/home/willtanoe/micromamba/envs/vel/lib/python3.10/site-packages/ray/_private/worker.py:2051: FutureWarning: Tip: In future versions of Ray, Ray will no longer override accelerator visible devices env var if num_gpus=0 or num_gpus=None (default). To enable this behavior and turn off this error message, set RAY_ACCEL_ENV_VAR_OVERRIDE_ON_ZERO=0
  warnings.warn(
[36m(ClientAppActor pid=32030)[0m /home/willtanoe/micromamba/envs/vel/lib/python3.10/site-packages/matplotlib/_fontconfig_pattern.py:64: PyparsingDeprecationWarning: 'oneOf' deprecated - use 'one_of'
[36m(ClientAppActor pid=32030)[0m   prop = Group((name + Suppress("=") + comma_separated(value)) | oneOf(_CONSTANTS))
[36m(ClientAppActor pid=32030)[0m /home/willtanoe/micromamba/envs/vel/lib/python3.10/site-packages/matplotlib/_fontconfig_pattern.py:85: PyparsingDeprecationWarning: 'parseString' deprecated - use 'parse_string'
[36m(ClientAppActor pid=32030)[0m   parse = parser.parseString(pattern)
[36m(ClientAppActor pid=32030)[0m /home/willtanoe/micromamba/envs/vel/lib/python3.10/site-packages/matplotlib/_fontconfig_pattern.py:89: PyparsingDeprecationWarning: 'resetCache' deprecated - use 'reset_cache'
[36m(ClientAppActor pid=32030)[0m   parser.resetCache()
[93mWARNING [0m:   Failed to receive initial parameters from the client. Empty initial parameters will be used.
[92mINFO [0m:      Starting evaluation of initial global parameters
[92mINFO [0m:      Evaluation returned no results (`None`)
[92mINFO [0m:      
[92mINFO [0m:      [ROUND 1]
[92mINFO [0m:      configure_fit: strategy sampled 1 clients (out of 5)
[36m(ClientAppActor pid=32030)[0m   └─ [Client 0] XGB fit (round 1, 259422 samples, +20 trees)
[92mINFO [0m:      aggregate_fit: received 1 results and 0 failures
  └─ Global model updated (+20 trees, 259422 samples)
[92mINFO [0m:      configure_evaluate: strategy sampled 5 clients (out of 5)
[36m(ClientAppActor pid=32030)[0m   └─ [Client 3] XGB eval (round 1) → F1=0.6786, Acc=0.9830
[36m(ClientAppActor pid=32029)[0m /home/willtanoe/micromamba/envs/vel/lib/python3.10/site-packages/matplotlib/_fontconfig_pattern.py:64: PyparsingDeprecationWarning: 'oneOf' deprecated - use 'one_of'
[36m(ClientAppActor pid=32029)[0m   prop = Group((name + Suppress("=") + comma_separated(value)) | oneOf(_CONSTANTS))
[36m(ClientAppActor pid=32029)[0m /home/willtanoe/micromamba/envs/vel/lib/python3.10/site-packages/matplotlib/_fontconfig_pattern.py:85: PyparsingDeprecationWarning: 'parseString' deprecated - use 'parse_string'
[36m(ClientAppActor pid=32029)[0m   parse = parser.parseString(pattern)
[36m(ClientAppActor pid=32029)[0m /home/willtanoe/micromamba/envs/vel/lib/python3.10/site-packages/matplotlib/_fontconfig_pattern.py:89: PyparsingDeprecationWarning: 'resetCache' deprecated - use 'reset_cache'
[36m(ClientAppActor pid=32029)[0m   parser.resetCache()
[36m(ClientAppActor pid=32003)[0m /home/willtanoe/micromamba/envs/vel/lib/python3.10/site-packages/matplotlib/_fontconfig_pattern.py:64: PyparsingDeprecationWarning: 'oneOf' deprecated - use 'one_of'
[36m(ClientAppActor pid=32003)[0m   prop = Group((name + Suppress("=") + comma_separated(value)) | oneOf(_CONSTANTS))
[36m(ClientAppActor pid=32003)[0m /home/willtanoe/micromamba/envs/vel/lib/python3.10/site-packages/matplotlib/_fontconfig_pattern.py:85: PyparsingDeprecationWarning: 'parseString' deprecated - use 'parse_string'
[36m(ClientAppActor pid=32003)[0m   parse = parser.parseString(pattern)
[36m(ClientAppActor pid=32003)[0m /home/willtanoe/micromamba/envs/vel/lib/python3.10/site-packages/matplotlib/_fontconfig_pattern.py:89: PyparsingDeprecationWarning: 'resetCache' deprecated - use 'reset_cache'
[36m(ClientAppActor pid=32003)[0m   parser.resetCache()
[92mINFO [0m:      aggregate_evaluate: received 5 results and 0 failures
  Round 1 (20 trees): F1=0.6786, Acc=0.9830
    └─ ClientEval 0: F1=0.6786, Acc=0.9830 (10000 samples)
    └─ ClientEval 1: F1=0.6786, Acc=0.9830 (10000 samples)
    └─ ClientEval 2: F1=0.6786, Acc=0.9830 (10000 samples)
    └─ ClientEval 3: F1=0.6786, Acc=0.9830 (10000 samples)
    └─ ClientEval 4: F1=0.6786, Acc=0.9830 (10000 samples)
[92mINFO [0m:      
[92mINFO [0m:      [ROUND 2]
[92mINFO [0m:      configure_fit: strategy sampled 1 clients (out of 5)
[36m(ClientAppActor pid=32019)[0m   └─ [Client 0] XGB fit (round 2, 259422 samples, +20 trees)
[92mINFO [0m:      aggregate_fit: received 1 results and 0 failures
  └─ Global model updated (+20 trees, 259422 samples)
[92mINFO [0m:      configure_evaluate: strategy sampled 5 clients (out of 5)
[36m(ClientAppActor pid=32029)[0m   └─ [Client 0] XGB eval (round 2) → F1=0.7024, Acc=0.9851[32m [repeated 5x across cluster] (Ray deduplicates logs by default. Set RAY_DEDUP_LOGS=0 to disable log deduplication, or see https://docs.ray.io/en/master/ray-observability/user-guides/configure-logging.html#log-deduplication for more options.)[0m
[92mINFO [0m:      aggregate_evaluate: received 5 results and 0 failures
  Round 2 (40 trees): F1=0.7024, Acc=0.9851
    └─ ClientEval 0: F1=0.7024, Acc=0.9851 (10000 samples)
    └─ ClientEval 1: F1=0.7024, Acc=0.9851 (10000 samples)
    └─ ClientEval 2: F1=0.7024, Acc=0.9851 (10000 samples)
    └─ ClientEval 3: F1=0.7024, Acc=0.9851 (10000 samples)
    └─ ClientEval 4: F1=0.7024, Acc=0.9851 (10000 samples)
[92mINFO [0m:      
[92mINFO [0m:      [ROUND 3]
[92mINFO [0m:      configure_fit: strategy sampled 1 clients (out of 5)
[36m(ClientAppActor pid=32003)[0m   └─ [Client 4] XGB fit (round 3, 334623 samples, +20 trees)
[92mINFO [0m:      aggregate_fit: received 1 results and 0 failures
  └─ Global model updated (+20 trees, 334623 samples)
[92mINFO [0m:      configure_evaluate: strategy sampled 5 clients (out of 5)
[36m(ClientAppActor pid=32028)[0m   └─ [Client 4] XGB eval (round 3) → F1=0.7130, Acc=0.9904[32m [repeated 5x across cluster][0m
[92mINFO [0m:      aggregate_evaluate: received 5 results and 0 failures
  Round 3 (60 trees): F1=0.7130, Acc=0.9904
    └─ ClientEval 0: F1=0.7130, Acc=0.9904 (10000 samples)
    └─ ClientEval 1: F1=0.7130, Acc=0.9904 (10000 samples)
    └─ ClientEval 2: F1=0.7130, Acc=0.9904 (10000 samples)
    └─ ClientEval 3: F1=0.7130, Acc=0.9904 (10000 samples)
    └─ ClientEval 4: F1=0.7130, Acc=0.9904 (10000 samples)
[92mINFO [0m:      
[92mINFO [0m:      [ROUND 4]
[92mINFO [0m:      configure_fit: strategy sampled 1 clients (out of 5)
[36m(ClientAppActor pid=32029)[0m   └─ [Client 0] XGB fit (round 4, 259422 samples, +20 trees)
[92mINFO [0m:      aggregate_fit: received 1 results and 0 failures
  └─ Global model updated (+20 trees, 259422 samples)
[92mINFO [0m:      configure_evaluate: strategy sampled 5 clients (out of 5)
[36m(ClientAppActor pid=32028)[0m   └─ [Client 0] XGB eval (round 4) → F1=0.7076, Acc=0.9882[32m [repeated 5x across cluster][0m
[92mINFO [0m:      aggregate_evaluate: received 5 results and 0 failures
  Round 4 (80 trees): F1=0.7076, Acc=0.9882
    └─ ClientEval 0: F1=0.7076, Acc=0.9882 (10000 samples)
    └─ ClientEval 1: F1=0.7076, Acc=0.9882 (10000 samples)
    └─ ClientEval 2: F1=0.7076, Acc=0.9882 (10000 samples)
    └─ ClientEval 3: F1=0.7076, Acc=0.9882 (10000 samples)
    └─ ClientEval 4: F1=0.7076, Acc=0.9882 (10000 samples)
[92mINFO [0m:      
[92mINFO [0m:      [ROUND 5]
[92mINFO [0m:      configure_fit: strategy sampled 1 clients (out of 5)
[36m(ClientAppActor pid=32003)[0m   └─ [Client 4] XGB fit (round 5, 334623 samples, +20 trees)
[92mINFO [0m:      aggregate_fit: received 1 results and 0 failures
  └─ Global model updated (+20 trees, 334623 samples)
[92mINFO [0m:      configure_evaluate: strategy sampled 5 clients (out of 5)
[92mINFO [0m:      aggregate_evaluate: received 5 results and 0 failures
  Round 5 (100 trees): F1=0.7181, Acc=0.9909
    └─ ClientEval 0: F1=0.7181, Acc=0.9909 (10000 samples)
    └─ ClientEval 1: F1=0.7181, Acc=0.9909 (10000 samples)
    └─ ClientEval 2: F1=0.7181, Acc=0.9909 (10000 samples)
    └─ ClientEval 3: F1=0.7181, Acc=0.9909 (10000 samples)
    └─ ClientEval 4: F1=0.7181, Acc=0.9909 (10000 samples)
[92mINFO [0m:      
[92mINFO [0m:      [ROUND 6]
[92mINFO [0m:      configure_fit: strategy sampled 1 clients (out of 5)
[36m(ClientAppActor pid=32028)[0m   └─ [Client 3] XGB eval (round 5) → F1=0.7181, Acc=0.9909[32m [repeated 5x across cluster][0m
[36m(ClientAppActor pid=32028)[0m   └─ [Client 4] XGB fit (round 6, 334623 samples, +20 trees)
[92mINFO [0m:      aggregate_fit: received 1 results and 0 failures
  └─ Global model updated (+20 trees, 334623 samples)
[92mINFO [0m:      configure_evaluate: strategy sampled 5 clients (out of 5)
[92mINFO [0m:      aggregate_evaluate: received 5 results and 0 failures
  Round 6 (120 trees): F1=0.7476, Acc=0.9909
    └─ ClientEval 0: F1=0.7476, Acc=0.9909 (10000 samples)
    └─ ClientEval 1: F1=0.7476, Acc=0.9909 (10000 samples)
    └─ ClientEval 2: F1=0.7476, Acc=0.9909 (10000 samples)
    └─ ClientEval 3: F1=0.7476, Acc=0.9909 (10000 samples)
    └─ ClientEval 4: F1=0.7476, Acc=0.9909 (10000 samples)
[92mINFO [0m:      
[92mINFO [0m:      [ROUND 7]
[92mINFO [0m:      configure_fit: strategy sampled 1 clients (out of 5)
[36m(ClientAppActor pid=32028)[0m   └─ [Client 3] XGB eval (round 6) → F1=0.7476, Acc=0.9909[32m [repeated 5x across cluster][0m
[36m(ClientAppActor pid=32029)[0m   └─ [Client 0] XGB fit (round 7, 259422 samples, +20 trees)
[92mINFO [0m:      aggregate_fit: received 1 results and 0 failures
  └─ Global model updated (+20 trees, 259422 samples)
[92mINFO [0m:      configure_evaluate: strategy sampled 5 clients (out of 5)
[36m(ClientAppActor pid=32019)[0m   └─ [Client 0] XGB eval (round 7) → F1=0.7211, Acc=0.9897[32m [repeated 5x across cluster][0m
[92mINFO [0m:      aggregate_evaluate: received 5 results and 0 failures
  Round 7 (140 trees): F1=0.7211, Acc=0.9897
    └─ ClientEval 0: F1=0.7211, Acc=0.9897 (10000 samples)
    └─ ClientEval 1: F1=0.7211, Acc=0.9897 (10000 samples)
    └─ ClientEval 2: F1=0.7211, Acc=0.9897 (10000 samples)
    └─ ClientEval 3: F1=0.7211, Acc=0.9897 (10000 samples)
    └─ ClientEval 4: F1=0.7211, Acc=0.9897 (10000 samples)
[92mINFO [0m:      
[92mINFO [0m:      [ROUND 8]
[92mINFO [0m:      configure_fit: strategy sampled 1 clients (out of 5)
[36m(ClientAppActor pid=32029)[0m   └─ [Client 0] XGB fit (round 8, 259422 samples, +20 trees)
[92mINFO [0m:      aggregate_fit: received 1 results and 0 failures
  └─ Global model updated (+20 trees, 259422 samples)
[92mINFO [0m:      configure_evaluate: strategy sampled 5 clients (out of 5)
[92mINFO [0m:      aggregate_evaluate: received 5 results and 0 failures
  Round 8 (160 trees): F1=0.7167, Acc=0.9889
    └─ ClientEval 0: F1=0.7167, Acc=0.9889 (10000 samples)
    └─ ClientEval 1: F1=0.7167, Acc=0.9889 (10000 samples)
    └─ ClientEval 2: F1=0.7167, Acc=0.9889 (10000 samples)
    └─ ClientEval 3: F1=0.7167, Acc=0.9889 (10000 samples)
    └─ ClientEval 4: F1=0.7167, Acc=0.9889 (10000 samples)
[92mINFO [0m:      
[92mINFO [0m:      [ROUND 9]
[92mINFO [0m:      configure_fit: strategy sampled 1 clients (out of 5)
[36m(ClientAppActor pid=32028)[0m   └─ [Client 3] XGB eval (round 8) → F1=0.7167, Acc=0.9889[32m [repeated 5x across cluster][0m
[36m(ClientAppActor pid=32019)[0m   └─ [Client 0] XGB fit (round 9, 259422 samples, +20 trees)
[92mINFO [0m:      aggregate_fit: received 1 results and 0 failures
  └─ Global model updated (+20 trees, 259422 samples)
[92mINFO [0m:      configure_evaluate: strategy sampled 5 clients (out of 5)
[36m(ClientAppActor pid=32029)[0m   └─ [Client 0] XGB eval (round 9) → F1=0.7168, Acc=0.9887[32m [repeated 5x across cluster][0m
[92mINFO [0m:      aggregate_evaluate: received 5 results and 0 failures
  Round 9 (180 trees): F1=0.7168, Acc=0.9887
    └─ ClientEval 0: F1=0.7168, Acc=0.9887 (10000 samples)
    └─ ClientEval 1: F1=0.7168, Acc=0.9887 (10000 samples)
    └─ ClientEval 2: F1=0.7168, Acc=0.9887 (10000 samples)
    └─ ClientEval 3: F1=0.7168, Acc=0.9887 (10000 samples)
    └─ ClientEval 4: F1=0.7168, Acc=0.9887 (10000 samples)
[92mINFO [0m:      
[92mINFO [0m:      [ROUND 10]
[92mINFO [0m:      configure_fit: strategy sampled 1 clients (out of 5)
[36m(ClientAppActor pid=32030)[0m   └─ [Client 4] XGB fit (round 10, 334623 samples, +20 trees)
[92mINFO [0m:      aggregate_fit: received 1 results and 0 failures
  └─ Global model updated (+20 trees, 334623 samples)
[92mINFO [0m:      configure_evaluate: strategy sampled 5 clients (out of 5)
[36m(ClientAppActor pid=32028)[0m   └─ [Client 3] XGB eval (round 10) → F1=0.7579, Acc=0.9915[32m [repeated 5x across cluster][0m
[92mINFO [0m:      aggregate_evaluate: received 5 results and 0 failures
  Round 10 (200 trees): F1=0.7579, Acc=0.9915
    └─ ClientEval 0: F1=0.7579, Acc=0.9915 (10000 samples)
    └─ ClientEval 1: F1=0.7579, Acc=0.9915 (10000 samples)
    └─ ClientEval 2: F1=0.7579, Acc=0.9915 (10000 samples)
    └─ ClientEval 3: F1=0.7579, Acc=0.9915 (10000 samples)
    └─ ClientEval 4: F1=0.7579, Acc=0.9915 (10000 samples)
[92mINFO [0m:      
[92mINFO [0m:      [SUMMARY]
[92mINFO [0m:      Run finished 10 round(s) in 215.96s
[92mINFO [0m:      	History (loss, distributed):
[92mINFO [0m:      		round 1: 0.983
[92mINFO [0m:      		round 2: 0.9851
[92mINFO [0m:      		round 3: 0.9904
[92mINFO [0m:      		round 4: 0.9882
[92mINFO [0m:      		round 5: 0.9909
[92mINFO [0m:      		round 6: 0.9909
[92mINFO [0m:      		round 7: 0.9897
[92mINFO [0m:      		round 8: 0.9889
[92mINFO [0m:      		round 9: 0.9887
[92mINFO [0m:      		round 10: 0.9915
[92mINFO [0m:      	History (metrics, distributed, evaluate):
[92mINFO [0m:      	{'accuracy': [(1, 0.983),
[92mINFO [0m:      	              (2, 0.9850999999999999),
[92mINFO [0m:      	              (3, 0.9904),
[92mINFO [0m:      	              (4, 0.9882),
[92mINFO [0m:      	              (5, 0.9909000000000001),
[92mINFO [0m:      	              (6, 0.9909000000000001),
[92mINFO [0m:      	              (7, 0.9897),
[92mINFO [0m:      	              (8, 0.9888999999999999),
[92mINFO [0m:      	              (9, 0.9887),
[92mINFO [0m:      	              (10, 0.9915)],
[92mINFO [0m:      	 'f1_macro': [(1, 0.6786290964007895),
[92mINFO [0m:      	              (2, 0.70236885416521),
[92mINFO [0m:      	              (3, 0.7129799000170131),
[92mINFO [0m:      	              (4, 0.707635763214987),
[92mINFO [0m:      	              (5, 0.7180564191419263),
[92mINFO [0m:      	              (6, 0.747593050908934),
[92mINFO [0m:      	              (7, 0.7210527826764805),
[92mINFO [0m:      	              (8, 0.7167379995834384),
[92mINFO [0m:      	              (9, 0.7168082874826736),
[92mINFO [0m:      	              (10, 0.7578737565770218)]}
[92mINFO [0m:      
[36m(ClientAppActor pid=32030)[0m   └─ [Client 3] XGB eval (round 10) → F1=0.7579, Acc=0.9915[32m [repeated 4x across cluster][0m
[36m(ClientAppActor pid=32019)[0m /home/willtanoe/micromamba/envs/vel/lib/python3.10/site-packages/matplotlib/_fontconfig_pattern.py:64: PyparsingDeprecationWarning: 'oneOf' deprecated - use 'one_of'[32m [repeated 2x across cluster][0m
[36m(ClientAppActor pid=32019)[0m   prop = Group((name + Suppress("=") + comma_separated(value)) | oneOf(_CONSTANTS))[32m [repeated 2x across cluster][0m
[36m(ClientAppActor pid=32019)[0m /home/willtanoe/micromamba/envs/vel/lib/python3.10/site-packages/matplotlib/_fontconfig_pattern.py:85: PyparsingDeprecationWarning: 'parseString' deprecated - use 'parse_string'[32m [repeated 2x across cluster][0m
[36m(ClientAppActor pid=32019)[0m   parse = parser.parseString(pattern)[32m [repeated 2x across cluster][0m
[36m(ClientAppActor pid=32019)[0m /home/willtanoe/micromamba/envs/vel/lib/python3.10/site-packages/matplotlib/_fontconfig_pattern.py:89: PyparsingDeprecationWarning: 'resetCache' deprecated - use 'reset_cache'[32m [repeated 2x across cluster][0m
[36m(ClientAppActor pid=32019)[0m   parser.resetCache()[32m [repeated 2x across cluster][0m
[92mINFO [0m:      
